<?xml version="1.0" encoding="UTF-8"?>
<!-- Generated by org.testng.reporters.JUnitXMLReporter -->
<testsuite ignored="0" hostname="MSI" failures="0" tests="8" name="Surefire test" time="0.035" errors="0" timestamp="2024-06-13T19:26:07 ICT">
  <testcase classname="BankAccountTest" name="testAddInterest" time="0.003"/>
  <testcase classname="BankAccountTest" name="testDeposit" time="0.001"/>
  <testcase classname="BankAccountTest" name="testInitialBalance" time="0.0"/>
  <testcase classname="BankAccountTest" name="testOverdraft" time="0.0"/>
  <testcase classname="BankAccountTest" name="testTransactionHistory" time="0.0"/>
  <testcase classname="BankAccountTest" name="testWithdraw" time="0.0"/>
  <testcase classname="BankAccountTest" name="testWithdrawExceedingOverdraft" time="0.0"/>
  <testcase classname="BankAccountTest" name="testWithdrawMoreThanBalance" time="0.0"/>
</testsuite> <!-- Surefire test -->
