<?xml version="1.0" encoding="UTF-8"?>
<testsuite xmlns:xsi="http://www.w3.org/2001/XMLSchema-instance" xsi:noNamespaceSchemaLocation="https://maven.apache.org/surefire/maven-surefire-plugin/xsd/surefire-test-report.xsd" name="BankAccountTest" time="0.31" tests="8" errors="0" skipped="0" failures="0">
  <properties>
[...]
</properties>
  <testcase name="testAddInterest" classname="BankAccountTest" time="0.005"/>
  <testcase name="testDeposit" classname="BankAccountTest" time="0"/>
  <testcase name="testInitialBalance" classname="BankAccountTest" time="0"/>
  <testcase name="testOverdraft" classname="BankAccountTest" time="0"/>
  <testcase name="testTransactionHistory" classname="BankAccountTest" time="0"/>
  <testcase name="testWithdraw" classname="BankAccountTest" time="0"/>
  <testcase name="testWithdrawExceedingOverdraft" classname="BankAccountTest" time="0"/>
  <testcase name="testWithdrawMoreThanBalance" classname="BankAccountTest" time="0.001"/>
</testsuite>